<?xml version="1.0" encoding="UTF-8"?>
<testng-results skipped="0" failed="0" total="2" passed="2">
  <reporter-output>
  </reporter-output>
  <suite name="Default suite" duration-ms="46" started-at="2015-02-26T18:16:42Z" finished-at="2015-02-26T18:16:42Z">
    <groups>
    </groups>
    <test name="Default test" duration-ms="46" started-at="2015-02-26T18:16:42Z" finished-at="2015-02-26T18:16:42Z">
      <class name="TaxCalculation.TaxAPITestCases">
        <test-method status="PASS" signature="TestBasicTax()[pri:0, instance:TaxCalculation.TaxAPITestCases@306a4bda]" name="TestBasicTax" duration-ms="20" started-at="2015-02-26T10:16:42Z" finished-at="2015-02-26T10:16:42Z">
          <reporter-output>
          </reporter-output>
        </test-method> <!-- TestBasicTax -->
        <test-method status="PASS" signature="TestLuxTax()[pri:0, instance:TaxCalculation.TaxAPITestCases@306a4bda]" name="TestLuxTax" duration-ms="2" started-at="2015-02-26T10:16:42Z" finished-at="2015-02-26T10:16:42Z">
          <reporter-output>
          </reporter-output>
        </test-method> <!-- TestLuxTax -->
      </class> <!-- TaxCalculation.TaxAPITestCases -->
    </test> <!-- Default test -->
  </suite> <!-- Default suite -->
</testng-results>
